<?xml version="1.0" encoding="UTF-8"?>
<!-- Generated by org.testng.reporters.JUnitReportReporter -->
<testsuite name="CH.Register" tests="1" time="143.720" ignored="0" failures="0" timestamp="20 Apr 2017 06:34:29 GMT" skipped="0" hostname="ADMIN-PC" errors="0">
  <testcase name="registerForm" time="143.720" classname="CH.Register"/>
</testsuite> <!-- CH.Register -->
