<?xml version="1.0" encoding="UTF-8"?>
<!-- Generated by org.testng.reporters.JUnitReportReporter -->
<testsuite name="STTA.CyberHealths.AppTest" tests="1" time="0.016" ignored="0" failures="0" timestamp="10 Mar 2017 14:47:29 GMT" skipped="0" hostname="ADMIN-PC" errors="0">
  <testcase name="testApp" time="0.016" classname="STTA.CyberHealths.AppTest"/>
</testsuite> <!-- STTA.CyberHealths.AppTest -->
